{
  "RSpec": {
    "coverage": {
      "/Users/chelseaworrel/turing/project/dinner_dash/app/models/cart.rb": [
        1,
        1,
        null,
        1,
        128,
        null,
        null,
        1,
        9,
        9,
        null,
        null,
        1,
        1,
        null,
        null,
        1,
        2,
        null,
        null,
        1,
        5,
        5,
        null,
        null,
        null,
        1,
        2,
        null,
        null
      ],
      "/Users/chelseaworrel/turing/project/dinner_dash/app/models/category.rb": [
        1,
        1,
        1,
        1,
        null
      ],
      "/Users/chelseaworrel/turing/project/dinner_dash/app/models/item.rb": [
        1,
        1,
        1,
        null,
        1,
        1,
        1,
        null,
        1,
        1,
        1,
        null,
        1,
        null,
        9,
        null,
        1,
        2,
        null,
        null,
        1,
        2,
        2,
        null,
        0,
        null,
        null,
        null,
        1,
        2,
        2,
        2,
        null,
        null,
        null,
        null
      ],
      "/Users/chelseaworrel/turing/project/dinner_dash/app/models/order_item.rb": [
        1,
        1,
        1,
        null,
        1,
        37,
        null,
        null
      ],
      "/Users/chelseaworrel/turing/project/dinner_dash/app/models/order.rb": [
        1,
        1,
        null,
        1,
        1,
        null,
        1,
        null,
        1,
        2,
        1,
        1,
        null,
        1,
        14,
        null,
        null,
        1,
        3,
        3,
        1,
        null,
        3,
        null,
        null
      ],
      "/Users/chelseaworrel/turing/project/dinner_dash/app/models/user.rb": [
        1,
        1,
        null,
        1,
        1,
        1,
        null,
        1,
        null,
        1,
        null,
        1,
        17,
        null,
        null
      ],
      "/Users/chelseaworrel/turing/project/dinner_dash/app/controllers/application_controller.rb": [
        1,
        1,
        1,
        1,
        null,
        1,
        131,
        null,
        null,
        1,
        62,
        null,
        null,
        1,
        1,
        null,
        null,
        1,
        null,
        1,
        124,
        null,
        null
      ],
      "/Users/chelseaworrel/turing/project/dinner_dash/app/controllers/admin/users_controller.rb": [
        1,
        1,
        10,
        null,
        null,
        1,
        3,
        null,
        null,
        1,
        2,
        2,
        2,
        2,
        null,
        0,
        0,
        null,
        null,
        null,
        1,
        null,
        1,
        2,
        null,
        null
      ],
      "/Users/chelseaworrel/turing/project/dinner_dash/app/controllers/admin/base_controller.rb": [
        1,
        1,
        null,
        1,
        62,
        null,
        null
      ],
      "/Users/chelseaworrel/turing/project/dinner_dash/app/controllers/admin/items_controller.rb": [
        1,
        1,
        null,
        1,
        9,
        null,
        null,
        1,
        1,
        1,
        null,
        null,
        1,
        1,
        null,
        null,
        1,
        null,
        null,
        1,
        1,
        1,
        1,
        1,
        null,
        null,
        1,
        1,
        1,
        1,
        null,
        null,
        1,
        1,
        1,
        1,
        1,
        null,
        0,
        0,
        null,
        null,
        null,
        1,
        null,
        1,
        2,
        null,
        null,
        1,
        3,
        null,
        null
      ],
      "/Users/chelseaworrel/turing/project/dinner_dash/app/models/category_item.rb": [
        1,
        1,
        1,
        null
      ],
      "/Users/chelseaworrel/turing/project/dinner_dash/app/controllers/sessions_controller.rb": [
        1,
        1,
        null,
        null,
        1,
        9,
        9,
        7,
        7,
        4,
        null,
        3,
        null,
        null,
        2,
        2,
        null,
        null,
        null,
        1,
        1,
        1,
        1,
        null,
        null
      ],
      "/Users/chelseaworrel/turing/project/dinner_dash/app/controllers/admin/categories_controller.rb": [
        1,
        1,
        null,
        1,
        6,
        null,
        null,
        1,
        1,
        null,
        null,
        1,
        null,
        null,
        1,
        null,
        null,
        1,
        1,
        1,
        1,
        null,
        0,
        0,
        null,
        null,
        null,
        1,
        1,
        1,
        null,
        null,
        1,
        null,
        1,
        2,
        null,
        null,
        1,
        3,
        null,
        null
      ],
      "/Users/chelseaworrel/turing/project/dinner_dash/app/controllers/admin/orders_controller.rb": [
        1,
        1,
        null,
        1,
        4,
        null,
        null,
        1,
        null,
        null,
        1,
        0,
        0,
        null,
        null,
        1,
        null,
        1,
        9,
        null,
        null
      ],
      "/Users/chelseaworrel/turing/project/dinner_dash/app/controllers/items_controller.rb": [
        1,
        1,
        2,
        null,
        null,
        1,
        0,
        null,
        null
      ],
      "/Users/chelseaworrel/turing/project/dinner_dash/app/controllers/users_controller.rb": [
        1,
        1,
        null,
        null,
        1,
        3,
        null,
        null,
        1,
        7,
        7,
        null,
        null,
        1,
        2,
        2,
        1,
        1,
        null,
        1,
        1,
        null,
        null,
        null,
        1,
        null,
        1,
        2,
        null,
        null,
        null,
        null,
        null,
        null,
        null
      ],
      "/Users/chelseaworrel/turing/project/dinner_dash/app/controllers/admin/category_items_controller.rb": [
        1,
        1,
        0,
        0,
        null,
        null,
        1,
        1,
        1,
        null,
        null,
        null,
        1,
        1,
        1,
        1,
        null,
        0,
        0,
        null,
        null,
        null,
        null,
        null,
        null,
        null,
        null,
        1,
        null,
        1,
        1,
        null,
        null
      ],
      "/Users/chelseaworrel/turing/project/dinner_dash/app/controllers/categories_controller.rb": [
        1,
        1,
        4,
        null,
        null,
        1,
        6,
        null,
        null
      ],
      "/Users/chelseaworrel/turing/project/dinner_dash/app/controllers/cart_items_controller.rb": [
        1,
        1,
        null,
        1,
        2,
        2,
        2,
        2,
        null,
        null,
        1,
        0,
        0,
        null,
        0,
        null,
        0,
        0,
        0,
        null,
        null,
        1,
        null,
        1,
        2,
        null,
        null,
        1,
        2,
        null,
        null
      ],
      "/Users/chelseaworrel/turing/project/dinner_dash/app/controllers/orders_controller.rb": [
        1,
        1,
        1,
        null,
        null,
        1,
        1,
        0,
        0,
        null,
        null,
        null,
        1,
        1,
        1,
        1,
        null,
        1,
        1,
        1,
        null,
        null
      ]
    },
    "timestamp": 1435191460
  }
}
